<?xml version="1.0" encoding="UTF-8"?>
<!-- Generated by org.testng.reporters.JUnitXMLReporter -->
<testsuite hostname="DESKTOP-T32QT7E" ignored="0" name="Default test" tests="3" failures="0" timestamp="15 May 2020 09:17:04 GMT" time="45.262" errors="0">
  <testcase name="t_createcountrie" time="9.906" classname="Verz.tangsabc.Countries_master"/>
  <testcase name="t_updatename" time="19.809" classname="Verz.tangsabc.Countries_master"/>
  <testcase name="t_searchbyname" time="0.325" classname="Verz.tangsabc.Countries_master"/>
</testsuite> <!-- Default test -->
